Warnings encountered during the last execution of ms3 review (v1.2.4)
=====================================================================

DCML_HARMONY_INCOMPLETE_PEDAL_COLUMN_WARNING (13,) ms3.Parse.frescobaldi_fiori_musicali.1201_Toccata_avanti_la_Messa_della_Domenica -- /usr/local/lib/python3.10/site-packages/ms3/expand_dcml.py (line 145) expand_labels():
	propagate_pedal() failed with
	2 organ points started, 1 ended:
	   mc pedal    mc pedalend
	0   1     i     1        ]
	1   6     i  <NA>      NaN
DCML_PHRASE_INCONGRUENCY_WARNING (16,) ms3.Parse.frescobaldi_fiori_musicali.1214_Canzon_dopo_l’Epistola -- /usr/local/lib/python3.10/site-packages/ms3/utils.py (line 5122) check_phrase_annotations():
	Phrase beginning and endings don't match:
	mn_playthrough phraseend mn_playthrough phraseend
	            9a        }{             9a        }{
	           13a        }{            13a        }{
	           18a         {            17a         }
	           22a        }{            22a        }{
	           25a        }{            25a        }{
	           30a        }{            30a        }{
	           35a        }{            35a        }{
	           40a         {            39a         }
	           43a        }{            43a        }{
	           44a        }{            44a        }{
	           45a        }{            45a        }{
	           50a        }{            50a        }{
	           55a        }{            55a        }{
	           NaN       NaN            59a         }
DCML_HARMONY_SYNTAX_WARNING (15,) ms3.Parse.frescobaldi_fiori_musicali.1216_Toccata_cromaticha_per_l’elevatione_phrygian -- /usr/local/lib/python3.10/site-packages/ms3/annotations.py (line 382) expand_dcml():
	Score contains 1 labels that don't (and 198 that do) match the DCML standard:
	   mc  mn       label harmony_layer
	0   1   1  .ephryg.i{             1
DCML_HARMONY_INCOMPLETE_LOCALKEY_COLUMN_WARNING (12,) ms3.Parse.frescobaldi_fiori_musicali.1216_Toccata_cromaticha_per_l’elevatione_phrygian -- /usr/local/lib/python3.10/site-packages/ms3/expand_dcml.py (line 141) expand_labels():
	propagate_keys() failed with
	No global key specified.
DCML_HARMONY_INCOMPLETE_PEDAL_COLUMN_WARNING (13,) ms3.Parse.frescobaldi_fiori_musicali.1216_Toccata_cromaticha_per_l’elevatione_phrygian -- /usr/local/lib/python3.10/site-packages/ms3/expand_dcml.py (line 145) expand_labels():
	propagate_pedal() failed with
	Local keys must first be propagated using propagate_keys(), no NaNs allowed.
DCML_PHRASE_INCONGRUENCY_WARNING (16,) ms3.Parse.frescobaldi_fiori_musicali.1216_Toccata_cromaticha_per_l’elevatione_phrygian -- /usr/local/lib/python3.10/site-packages/ms3/utils.py (line 5122) check_phrase_annotations():
	Phrase beginning and endings don't match:
	mn_playthrough phraseend mn_playthrough phraseend
	            7a        }{             7a        }{
	           15a        }{            15a        }{
	           20a        }{            20a        }{
	           32a        }{            32a        }{
	           45a         {            45a         }
	           50a        }{            50a        }{
	           NaN       NaN            52a         }
DCML_HARMONY_INCOMPLETE_LOCALKEY_COLUMN_WARNING (12,) ms3.Parse.frescobaldi_fiori_musicali.1223_Christe,_Tema_F_2 -- /usr/local/lib/python3.10/site-packages/ms3/expand_dcml.py (line 141) expand_labels():
	propagate_keys() failed with
	No global key specified.
DCML_HARMONY_INCOMPLETE_PEDAL_COLUMN_WARNING (13,) ms3.Parse.frescobaldi_fiori_musicali.1223_Christe,_Tema_F_2 -- /usr/local/lib/python3.10/site-packages/ms3/expand_dcml.py (line 145) expand_labels():
	propagate_pedal() failed with
	Local keys must first be propagated using propagate_keys(), no NaNs allowed.
DCML_HARMONY_SYNTAX_WARNING (15,) ms3.Parse.frescobaldi_fiori_musicali.1231_Toccata_per_l'Elevatione -- /usr/local/lib/python3.10/site-packages/ms3/annotations.py (line 382) expand_dcml():
	Score contains 1 labels that don't (and 130 that do) match the DCML standard:
	   mc  mn          label harmony_layer
	0   1   1  .ephryg.V/iv{             1
DCML_HARMONY_INCOMPLETE_LOCALKEY_COLUMN_WARNING (12,) ms3.Parse.frescobaldi_fiori_musicali.1231_Toccata_per_l'Elevatione -- /usr/local/lib/python3.10/site-packages/ms3/expand_dcml.py (line 141) expand_labels():
	propagate_keys() failed with
	No global key specified.
DCML_HARMONY_INCOMPLETE_PEDAL_COLUMN_WARNING (13,) ms3.Parse.frescobaldi_fiori_musicali.1231_Toccata_per_l'Elevatione -- /usr/local/lib/python3.10/site-packages/ms3/expand_dcml.py (line 145) expand_labels():
	propagate_pedal() failed with
	Local keys must first be propagated using propagate_keys(), no NaNs allowed.
DCML_PHRASE_INCONGRUENCY_WARNING (16,) ms3.Parse.frescobaldi_fiori_musicali.1231_Toccata_per_l'Elevatione -- /usr/local/lib/python3.10/site-packages/ms3/utils.py (line 5122) check_phrase_annotations():
	Phrase beginning and endings don't match:
	mn_playthrough phraseend mn_playthrough phraseend
	           10a        }{            10a        }{
	           14a        }{            14a        }{
	           19a        }{            19a        }{
	           23a         {            23a         }
	           NaN       NaN            33a         }
DCML_HARMONY_SYNTAX_WARNING (15,) ms3.Parse.frescobaldi_fiori_musicali.1233_Canzon_quarti_toni_dopo_il_post_Comune -- /usr/local/lib/python3.10/site-packages/ms3/annotations.py (line 382) expand_dcml():
	Score contains 1 labels that don't (and 208 that do) match the DCML standard:
	   mc  mn        label harmony_layer
	0   1   1  .ephryg.iv{             1
DCML_HARMONY_INCOMPLETE_LOCALKEY_COLUMN_WARNING (12,) ms3.Parse.frescobaldi_fiori_musicali.1233_Canzon_quarti_toni_dopo_il_post_Comune -- /usr/local/lib/python3.10/site-packages/ms3/expand_dcml.py (line 141) expand_labels():
	propagate_keys() failed with
	No global key specified.
DCML_HARMONY_INCOMPLETE_PEDAL_COLUMN_WARNING (13,) ms3.Parse.frescobaldi_fiori_musicali.1233_Canzon_quarti_toni_dopo_il_post_Comune -- /usr/local/lib/python3.10/site-packages/ms3/expand_dcml.py (line 145) expand_labels():
	propagate_pedal() failed with
	Local keys must first be propagated using propagate_keys(), no NaNs allowed.
DCML_PHRASE_INCONGRUENCY_WARNING (16,) ms3.Parse.frescobaldi_fiori_musicali.1233_Canzon_quarti_toni_dopo_il_post_Comune -- /usr/local/lib/python3.10/site-packages/ms3/utils.py (line 5122) check_phrase_annotations():
	Phrase beginning and endings don't match:
	mn_playthrough phraseend mn_playthrough phraseend
	            8a        }{             8a        }{
	           17a         {            16a         }
	           27a        }{            27a        }{
	           36a         {            36a         }
	           41a        }{            41a        }{
	           47a         {            47a         }
	           NaN       NaN            57a         }
DCML_HARMONY_INCOMPLETE_PEDAL_COLUMN_WARNING (13,) ms3.Parse.frescobaldi_fiori_musicali.1234_Toccata_avanti_la_Messa_della_Madonna -- /usr/local/lib/python3.10/site-packages/ms3/expand_dcml.py (line 145) expand_labels():
	propagate_pedal() failed with
	2 organ points started, 1 ended:
	   mc pedal    mc pedalend
	0   1     i    10        ]
	1  10    iv  <NA>      NaN
DCML_HARMONY_SYNTAX_WARNING (15,) ms3.Parse.frescobaldi_fiori_musicali.1245_Toccata_per_l'Elevatione -- /usr/local/lib/python3.10/site-packages/ms3/annotations.py (line 382) expand_dcml():
	Score contains 1 labels that don't (and 85 that do) match the DCML standard:
	   mc  mn          label harmony_layer
	0   1   1  .ephryg.V/iv{             1
DCML_HARMONY_INCOMPLETE_LOCALKEY_COLUMN_WARNING (12,) ms3.Parse.frescobaldi_fiori_musicali.1245_Toccata_per_l'Elevatione -- /usr/local/lib/python3.10/site-packages/ms3/expand_dcml.py (line 141) expand_labels():
	propagate_keys() failed with
	No global key specified.
DCML_HARMONY_INCOMPLETE_PEDAL_COLUMN_WARNING (13,) ms3.Parse.frescobaldi_fiori_musicali.1245_Toccata_per_l'Elevatione -- /usr/local/lib/python3.10/site-packages/ms3/expand_dcml.py (line 145) expand_labels():
	propagate_pedal() failed with
	3 organ points started, 2 ended:
	   mc pedal    mc pedalend
	0  14   VII    16        ]
	1  18     i    19        ]
	2  21    iv  <NA>      NaN
DCML_PHRASE_INCONGRUENCY_WARNING (16,) ms3.Parse.frescobaldi_fiori_musicali.1245_Toccata_per_l'Elevatione -- /usr/local/lib/python3.10/site-packages/ms3/utils.py (line 5122) check_phrase_annotations():
	Phrase beginning and endings don't match:
	mn_playthrough phraseend mn_playthrough phraseend
	            6a         {             6a         }
	           16a         {            16a         }
	           NaN       NaN            24a         }
DCML_PHRASE_INCONGRUENCY_WARNING (16,) ms3.Parse.frescobaldi_fiori_musicali.1247_Capriccio_sopra_la_Girolmeta -- /usr/local/lib/python3.10/site-packages/ms3/utils.py (line 5122) check_phrase_annotations():
	Phrase beginning and endings don't match:
	mn_playthrough phraseend mn_playthrough phraseend
	            1a         {             6a        }{
	            6a        }{            10a         }
	           10a         {            16a        }{
	           16a        }{            18a         }
	           18a         {            26a        }{
	           26a        }{            28a         }
	           28a         {            30a         }
	           30a         {            33a         }
	           34a         {            39a         }
	           40a         {            45a         }
	           46a         {            49a         }
	           50a         {            55a         }
	           55a         {            66a        }{
	           66a        }{            71a         }
	           72a         {            81a         }
	           86a         {            85a         }
	           NaN       NaN           102a         }
Chord labels where the ratio of colored notes vs. all notes in a segment lies above 0.6:
                                                                                        mc  mn mc_onset          label       chord_tones added_tones  n_colored  n_untouched  count_ratio
frescobaldi_fiori_musicali MS3/12.01_Toccata_avanti_la_Messa_della_Domenica.mscx         4   4      1/2       v(b13)/v         (4, 1, 5)       (-7,)          1            0     1.000000
                           MS3/12.06_Christe,_Tema_B,_alio_modo_II.mscx                 14  14        1           VII6         (4, 1, 0)          ()          2            1     0.666667
                           MS3/12.09_Kyrie,_Tema_D,_alio_modo_I.mscx                     4   4      1/2           III6        (3, 0, -1)          ()          2            1     0.666667
                           MS3/12.16_Toccata_cromaticha_per_l’elevatione_phrygian.mscx   1   1        1          v(64)        (1, 0, -3)          ()          1            0     1.000000
                           MS3/12.16_Toccata_cromaticha_per_l’elevatione_phrygian.mscx   2   2        0           #vi2      (1, 3, 0, 4)          ()          3            1     0.750000
                           MS3/12.16_Toccata_cromaticha_per_l’elevatione_phrygian.mscx   2   2      1/2           #ii6        (6, 10, 9)          ()          2            1     0.666667
                           MS3/12.16_Toccata_cromaticha_per_l’elevatione_phrygian.mscx   2   2      3/2        IV6/vii       (1, -2, -3)          ()          2            1     0.666667
                           MS3/12.16_Toccata_cromaticha_per_l’elevatione_phrygian.mscx   3   3        0         V7/vii    (-1, 3, 0, -3)          ()          3            1     0.750000
                           MS3/12.16_Toccata_cromaticha_per_l’elevatione_phrygian.mscx   3   3      1/2      V(64)/vii      (-1, -2, -5)          ()          2            1     0.666667
                           MS3/12.16_Toccata_cromaticha_per_l’elevatione_phrygian.mscx   3   3        1      ii%65/vii   (-3, -6, -2, 0)          ()          2            1     0.666667
                           MS3/12.16_Toccata_cromaticha_per_l’elevatione_phrygian.mscx   5   5        0         IV6/VI      (-1, -4, -5)          ()          4            1     0.800000
                           MS3/12.16_Toccata_cromaticha_per_l’elevatione_phrygian.mscx   5   5      1/2        iii6/VI        (-3, 1, 0)          ()          2            1     0.666667
                           MS3/12.16_Toccata_cromaticha_per_l’elevatione_phrygian.mscx   5   5      3/2        viio/VI       (1, -2, -5)          ()          4            0     1.000000
                           MS3/12.16_Toccata_cromaticha_per_l’elevatione_phrygian.mscx   6   6        0             VI       (-4, 0, -3)          ()          3            1     0.750000
                           MS3/12.16_Toccata_cromaticha_per_l’elevatione_phrygian.mscx   6   6      1/2            iv6       (-4, 0, -1)          ()          2            1     0.666667
                           MS3/12.16_Toccata_cromaticha_per_l’elevatione_phrygian.mscx   6   6        1        V(4)/iv        (0, -1, 1)          ()          2            0     1.000000
                           MS3/12.16_Toccata_cromaticha_per_l’elevatione_phrygian.mscx   6   6      3/2           V/iv         (0, 4, 1)          ()          1            0     1.000000
                           MS3/12.16_Toccata_cromaticha_per_l’elevatione_phrygian.mscx   8   8        0            III       (-3, 1, -2)          ()          2            1     0.666667
                           MS3/12.16_Toccata_cromaticha_per_l’elevatione_phrygian.mscx   9   9        0            IV6        (3, 0, -1)          ()          2            0     1.000000
                           MS3/12.16_Toccata_cromaticha_per_l’elevatione_phrygian.mscx   9   9        1           III6       (1, -2, -3)          ()          2            1     0.666667
                           MS3/12.16_Toccata_cromaticha_per_l’elevatione_phrygian.mscx   9   9      3/2           iii6      (-6, -2, -3)          ()          2            1     0.666667
                           MS3/12.16_Toccata_cromaticha_per_l’elevatione_phrygian.mscx  10  10        0         iv(b2)       (-6, -4, 0)          ()          3            1     0.750000
                           MS3/12.16_Toccata_cromaticha_per_l’elevatione_phrygian.mscx  10  10        1    #viio(2)/iv       (-1, 1, -2)          ()          2            0     1.000000
                           MS3/12.16_Toccata_cromaticha_per_l’elevatione_phrygian.mscx  11  11        0         IV6(9)        (3, 0, -1)        (1,)          3            1     0.750000
                           MS3/12.16_Toccata_cromaticha_per_l’elevatione_phrygian.mscx  11  11      1/2            iv6       (-4, 0, -1)          ()          3            1     0.750000
                           MS3/12.16_Toccata_cromaticha_per_l’elevatione_phrygian.mscx  11  11        1           III6       (1, -2, -3)          ()          2            1     0.666667
                           MS3/12.16_Toccata_cromaticha_per_l’elevatione_phrygian.mscx  11  11      3/2           iii6      (-6, -2, -3)          ()          3            1     0.750000
                           MS3/12.16_Toccata_cromaticha_per_l’elevatione_phrygian.mscx  12  12        0         ii/III       (-1, -4, 0)          ()          4            1     0.800000
                           MS3/12.16_Toccata_cromaticha_per_l’elevatione_phrygian.mscx  12  12      1/2      viio6/III       (-1, -4, 2)          ()          2            0     1.000000
                           MS3/12.16_Toccata_cromaticha_per_l’elevatione_phrygian.mscx  13  13        0          V/iii       (-2, 2, -1)          ()          2            1     0.666667
                           MS3/12.16_Toccata_cromaticha_per_l’elevatione_phrygian.mscx  13  13      1/2       viio6/VI       (-2, -5, 1)          ()          3            0     1.000000
                           MS3/12.16_Toccata_cromaticha_per_l’elevatione_phrygian.mscx  13  13        1             VI       (-4, 0, -3)          ()          2            1     0.666667
                           MS3/12.16_Toccata_cromaticha_per_l’elevatione_phrygian.mscx  13  13      3/2       iio6/iii      (-4, -7, -1)          ()          3            0     1.000000
                           MS3/12.16_Toccata_cromaticha_per_l’elevatione_phrygian.mscx  14  14        0         V2/III   (-4, -2, 2, -1)          ()          3            1     0.750000
                           MS3/12.16_Toccata_cromaticha_per_l’elevatione_phrygian.mscx  14  14        1  #viio6(2)/iii      (-1, -4, -3)          ()          2            0     1.000000
                           MS3/12.16_Toccata_cromaticha_per_l’elevatione_phrygian.mscx  14  14      3/2     #viio6/iii       (-1, -4, 2)          ()          1            0     1.000000
                           MS3/12.16_Toccata_cromaticha_per_l’elevatione_phrygian.mscx  15  15        0          iii}{      (-3, -6, -2)          ()          5            1     0.833333
                           MS3/12.16_Toccata_cromaticha_per_l’elevatione_phrygian.mscx  15  15        1            vii      (-2, -5, -1)          ()          4            2     0.666667
                           MS3/12.16_Toccata_cromaticha_per_l’elevatione_phrygian.mscx  16  16        0            IV6        (3, 0, -1)          ()          2            0     1.000000
                           MS3/12.16_Toccata_cromaticha_per_l’elevatione_phrygian.mscx  16  16        1        III6(2)       (1, -2, -1)          ()          1            0     1.000000
                           MS3/12.16_Toccata_cromaticha_per_l’elevatione_phrygian.mscx  16  16      3/2           iii6      (-6, -2, -3)          ()          2            1     0.666667
                           MS3/12.16_Toccata_cromaticha_per_l’elevatione_phrygian.mscx  17  17        0     #viio6/iii       (-1, -4, 2)          ()          3            0     1.000000
                           MS3/12.16_Toccata_cromaticha_per_l’elevatione_phrygian.mscx  17  17      1/2            vii      (-2, -5, -1)          ()          2            1     0.666667
                           MS3/12.16_Toccata_cromaticha_per_l’elevatione_phrygian.mscx  18  18        0      #viio6/vi       (-2, -5, 1)          ()          3            0     1.000000
                           MS3/12.16_Toccata_cromaticha_per_l’elevatione_phrygian.mscx  18  18      1/2        iio/vii       (0, -3, -6)          ()          2            0     1.000000
                           MS3/12.16_Toccata_cromaticha_per_l’elevatione_phrygian.mscx  18  18        1            vii      (-2, -5, -1)          ()          4            2     0.666667
                           MS3/12.16_Toccata_cromaticha_per_l’elevatione_phrygian.mscx  19  19        0           VII6       (2, -1, -2)          ()          3            1     0.750000
                           MS3/12.16_Toccata_cromaticha_per_l’elevatione_phrygian.mscx  19  19      1/2           vii6      (-5, -1, -2)          ()          2            1     0.666667
                           MS3/12.16_Toccata_cromaticha_per_l’elevatione_phrygian.mscx  19  19        1       VI6(762)    (0, -1, -2, 1)          ()          2            1     0.666667
                           MS3/12.16_Toccata_cromaticha_per_l’elevatione_phrygian.mscx  19  19      3/2            vi6      (-7, -3, -4)          ()          3            1     0.750000
                           MS3/12.16_Toccata_cromaticha_per_l’elevatione_phrygian.mscx  20  20        0    viio6(2)/VI      (-2, -5, -4)          ()          5            0     1.000000
                           MS3/12.16_Toccata_cromaticha_per_l’elevatione_phrygian.mscx  20  20      1/2       viio6/VI       (-2, -5, 1)          ()          3            0     1.000000
                           MS3/12.16_Toccata_cromaticha_per_l’elevatione_phrygian.mscx  20  20        1        VI(4)}{       (-4, 2, -3)          ()          3            0     1.000000
                           MS3/12.16_Toccata_cromaticha_per_l’elevatione_phrygian.mscx  20  20      3/2             VI       (-4, 0, -3)          ()          2            0     1.000000
                           MS3/12.16_Toccata_cromaticha_per_l’elevatione_phrygian.mscx  21  21        0        vii6(2)       (-5, -1, 0)          ()          4            1     0.800000
                           MS3/12.16_Toccata_cromaticha_per_l’elevatione_phrygian.mscx  21  21      1/2           VII6       (2, -1, -2)          ()          2            1     0.666667
                           MS3/12.16_Toccata_cromaticha_per_l’elevatione_phrygian.mscx  21  21        1            IV6        (3, 0, -1)          ()          2            0     1.000000
                           MS3/12.16_Toccata_cromaticha_per_l’elevatione_phrygian.mscx  22  22        0           III6       (1, -2, -3)          ()          3            1     0.750000
                           MS3/12.16_Toccata_cromaticha_per_l’elevatione_phrygian.mscx  22  22      3/2          vii64      (-1, -2, -5)          ()          2            1     0.666667
                           MS3/12.16_Toccata_cromaticha_per_l’elevatione_phrygian.mscx  23  23        0             IV        (-1, 3, 0)          ()          2            1     0.666667
                           MS3/12.16_Toccata_cromaticha_per_l’elevatione_phrygian.mscx  23  23      3/2           iii6      (-6, -2, -3)          ()          2            1     0.666667
                           MS3/12.16_Toccata_cromaticha_per_l’elevatione_phrygian.mscx  24  24      1/2             iv       (-1, -4, 0)          ()          2            1     0.666667
                           MS3/12.16_Toccata_cromaticha_per_l’elevatione_phrygian.mscx  24  24        1            III       (-3, 1, -2)          ()          3            1     0.750000
                           MS3/12.16_Toccata_cromaticha_per_l’elevatione_phrygian.mscx  25  25      1/2           vii6      (-5, -1, -2)          ()          2            1     0.666667
                           MS3/12.16_Toccata_cromaticha_per_l’elevatione_phrygian.mscx  25  25        1           IV64        (0, -1, 3)          ()          3            0     1.000000
                           MS3/12.16_Toccata_cromaticha_per_l’elevatione_phrygian.mscx  26  26      1/2            iii      (-3, -6, -2)          ()          3            1     0.750000
                           MS3/12.16_Toccata_cromaticha_per_l’elevatione_phrygian.mscx  27  27        0         V65/VI   (1, -2, -5, -3)          ()          3            1     0.750000
                           MS3/12.16_Toccata_cromaticha_per_l’elevatione_phrygian.mscx  27  27      3/2           vii6      (-5, -1, -2)          ()          3            0     1.000000
                           MS3/12.16_Toccata_cromaticha_per_l’elevatione_phrygian.mscx  28  28        0           iv64       (0, -1, -4)          ()          3            1     0.750000
                           MS3/12.16_Toccata_cromaticha_per_l’elevatione_phrygian.mscx  28  28      1/2      viio6/VII        (0, -3, 3)          ()          2            0     1.000000
                           MS3/12.16_Toccata_cromaticha_per_l’elevatione_phrygian.mscx  28  28      3/2             v6        (-2, 2, 1)          ()          3            1     0.750000
                           MS3/12.16_Toccata_cromaticha_per_l’elevatione_phrygian.mscx  29  29        0             i2    (-2, 0, -3, 1)          ()          3            1     0.750000
                           MS3/12.16_Toccata_cromaticha_per_l’elevatione_phrygian.mscx  29  29        1        V2/V/VI   (-4, -2, 2, -1)          ()          2            1     0.666667
                           MS3/12.16_Toccata_cromaticha_per_l’elevatione_phrygian.mscx  30  30        0          VI(9)       (-4, 0, -3)       (-2,)          3            1     0.750000
                           MS3/12.16_Toccata_cromaticha_per_l’elevatione_phrygian.mscx  30  30      1/2             vi      (-4, -7, -3)          ()          2            1     0.666667
                           MS3/12.16_Toccata_cromaticha_per_l’elevatione_phrygian.mscx  30  30      3/2           V/bV      (-5, -1, -4)          ()          3            1     0.750000
                           MS3/12.16_Toccata_cromaticha_per_l’elevatione_phrygian.mscx  31  31      1/2      viio6/VII        (0, -3, 3)          ()          3            1     0.750000
                           MS3/12.16_Toccata_cromaticha_per_l’elevatione_phrygian.mscx  31  31        1        VII(64)       (-2, -3, 1)          ()          3            0     1.000000
                           MS3/12.16_Toccata_cromaticha_per_l’elevatione_phrygian.mscx  31  31      3/2            VII       (-2, 2, -1)          ()          2            0     1.000000
                           MS3/12.16_Toccata_cromaticha_per_l’elevatione_phrygian.mscx  32  32        0      #viio6/iv        (1, -2, 4)          ()          4            0     1.000000
                           MS3/12.16_Toccata_cromaticha_per_l’elevatione_phrygian.mscx  32  32      1/4   #viio6(2)/iv       (1, -2, -1)          ()          2            0     1.000000
                           MS3/12.16_Toccata_cromaticha_per_l’elevatione_phrygian.mscx  32  32      3/4      #viio6/iv        (1, -2, 4)          ()          1            0     1.000000
                           MS3/12.16_Toccata_cromaticha_per_l’elevatione_phrygian.mscx  32  32        1      IV(#64)}{       (-1, -2, 0)        (9,)          3            0     1.000000
                           MS3/12.16_Toccata_cromaticha_per_l’elevatione_phrygian.mscx  32  32      3/2             IV        (-1, 3, 0)          ()          2            0     1.000000
                           MS3/12.16_Toccata_cromaticha_per_l’elevatione_phrygian.mscx  33  33        0           #ii6        (6, 10, 9)          ()          3            1     0.750000
                           MS3/12.16_Toccata_cromaticha_per_l’elevatione_phrygian.mscx  33  33        1            IV6        (3, 0, -1)          ()          2            0     1.000000
                           MS3/12.16_Toccata_cromaticha_per_l’elevatione_phrygian.mscx  34  34      1/2         V65/iv     (4, 1, -2, 0)          ()          2            0     1.000000
                           MS3/12.16_Toccata_cromaticha_per_l’elevatione_phrygian.mscx  34  34        1             IV        (-1, 3, 0)          ()          2            1     0.666667
                           MS3/12.16_Toccata_cromaticha_per_l’elevatione_phrygian.mscx  35  35        0          I(64)       (0, -1, -4)          ()          3            1     0.750000
                           MS3/12.16_Toccata_cromaticha_per_l’elevatione_phrygian.mscx  35  35      1/2              I         (0, 4, 1)          ()          2            0     1.000000
                           MS3/12.16_Toccata_cromaticha_per_l’elevatione_phrygian.mscx  35  35        1       VII6(13)       (2, -1, -2)        (1,)          3            0     1.000000
                           MS3/12.16_Toccata_cromaticha_per_l’elevatione_phrygian.mscx  36  36      1/2        V65/VII    (3, 0, -3, -1)          ()          2            0     1.000000
                           MS3/12.16_Toccata_cromaticha_per_l’elevatione_phrygian.mscx  36  36        1            VII       (-2, 2, -1)          ()          2            1     0.666667
                           MS3/12.16_Toccata_cromaticha_per_l’elevatione_phrygian.mscx  37  37        0            IV6        (3, 0, -1)          ()          3            0     1.000000
                           MS3/12.16_Toccata_cromaticha_per_l’elevatione_phrygian.mscx  38  38        1              I         (0, 4, 1)          ()          2            1     0.666667
                           MS3/12.16_Toccata_cromaticha_per_l’elevatione_phrygian.mscx  39  39        0            IV6        (3, 0, -1)          ()          4            1     0.800000
                           MS3/12.16_Toccata_cromaticha_per_l’elevatione_phrygian.mscx  39  39        1      #viio6/iv        (1, -2, 4)          ()          3            0     1.000000
                           MS3/12.16_Toccata_cromaticha_per_l’elevatione_phrygian.mscx  40  40        0           VII6       (2, -1, -2)          ()          2            1     0.666667
                           MS3/12.16_Toccata_cromaticha_per_l’elevatione_phrygian.mscx  40  40        1            III       (-3, 1, -2)          ()          4            1     0.800000
                           MS3/12.16_Toccata_cromaticha_per_l’elevatione_phrygian.mscx  41  41      1/2             iv       (-1, -4, 0)          ()          2            1     0.666667
                           MS3/12.16_Toccata_cromaticha_per_l’elevatione_phrygian.mscx  41  41        1           V/iv         (0, 4, 1)          ()          2            1     0.666667
                           MS3/12.16_Toccata_cromaticha_per_l’elevatione_phrygian.mscx  42  42        1        V(4)/iv        (0, -1, 1)          ()          1            0     1.000000
                           MS3/12.16_Toccata_cromaticha_per_l’elevatione_phrygian.mscx  42  42      3/2           V/iv         (0, 4, 1)          ()          2            0     1.000000
                           MS3/12.16_Toccata_cromaticha_per_l’elevatione_phrygian.mscx  43  43        1           V/iv         (0, 4, 1)          ()          4            1     0.800000
                           MS3/12.16_Toccata_cromaticha_per_l’elevatione_phrygian.mscx  44  44        0      v(#13)/IV        (0, -3, 1)       (10,)          4            1     0.800000
                           MS3/12.16_Toccata_cromaticha_per_l’elevatione_phrygian.mscx  44  44        1        V(4)/iv        (0, -1, 1)          ()          2            0     1.000000
                           MS3/12.16_Toccata_cromaticha_per_l’elevatione_phrygian.mscx  44  44      3/2           V/iv         (0, 4, 1)          ()          1            0     1.000000
                           MS3/12.16_Toccata_cromaticha_per_l’elevatione_phrygian.mscx  45  45        1             IV        (-1, 3, 0)          ()          1            0     1.000000
                           MS3/12.16_Toccata_cromaticha_per_l’elevatione_phrygian.mscx  45  45      3/2         V7/VII    (-1, 3, 0, -3)          ()          2            0     1.000000
                           MS3/12.16_Toccata_cromaticha_per_l’elevatione_phrygian.mscx  46  46        0          VII64       (-1, -2, 2)          ()          4            1     0.800000
                           MS3/12.16_Toccata_cromaticha_per_l’elevatione_phrygian.mscx  46  46        1          IV(4)       (-1, -2, 0)          ()          1            0     1.000000
                           MS3/12.16_Toccata_cromaticha_per_l’elevatione_phrygian.mscx  46  46      3/2             IV        (-1, 3, 0)          ()          1            0     1.000000
                           MS3/12.16_Toccata_cromaticha_per_l’elevatione_phrygian.mscx  47  47        0             iv       (-1, -4, 0)          ()          2            1     0.666667
                           MS3/12.16_Toccata_cromaticha_per_l’elevatione_phrygian.mscx  47  47      1/2              i        (0, -3, 1)          ()          5            2     0.714286
                           MS3/12.16_Toccata_cromaticha_per_l’elevatione_phrygian.mscx  47  47      3/2            vo6       (-2, -5, 1)          ()          3            0     1.000000
                           MS3/12.16_Toccata_cromaticha_per_l’elevatione_phrygian.mscx  48  48        0         IV6(2)         (3, 0, 1)          ()          3            0     1.000000
                           MS3/12.16_Toccata_cromaticha_per_l’elevatione_phrygian.mscx  48  48        1          V6/iv         (4, 1, 0)          ()          3            0     1.000000
                           MS3/12.16_Toccata_cromaticha_per_l’elevatione_phrygian.mscx  48  48      3/2      #viio6/iv        (1, -2, 4)          ()          2            0     1.000000
                           MS3/12.16_Toccata_cromaticha_per_l’elevatione_phrygian.mscx  49  49        0             IV        (-1, 3, 0)          ()          4            1     0.800000
                           MS3/12.16_Toccata_cromaticha_per_l’elevatione_phrygian.mscx  49  49      1/2             iv       (-1, -4, 0)          ()          2            1     0.666667
                           MS3/12.16_Toccata_cromaticha_per_l’elevatione_phrygian.mscx  50  50        1           I(4)        (0, -1, 1)          ()          1            0     1.000000
                           MS3/12.16_Toccata_cromaticha_per_l’elevatione_phrygian.mscx  50  50      3/2              I         (0, 4, 1)          ()          2            0     1.000000
                           MS3/12.16_Toccata_cromaticha_per_l’elevatione_phrygian.mscx  51  51        1              I         (0, 4, 1)          ()          3            0     1.000000
                           MS3/12.16_Toccata_cromaticha_per_l’elevatione_phrygian.mscx  52  52        1           I(4)        (0, -1, 1)          ()          1            0     1.000000
                           MS3/12.16_Toccata_cromaticha_per_l’elevatione_phrygian.mscx  52  52      3/2             I}         (0, 4, 1)          ()          4            2     0.666667
                           MS3/12.17_Canzon_post_il_Comune.mscx                         14  14      1/2             vi         (3, 0, 4)          ()          2            1     0.666667
                           MS3/12.17_Canzon_post_il_Comune.mscx                         40  40        1              I         (0, 4, 1)          ()          3            1     0.750000
                           MS3/12.18_Toccata_avanti_la_Messa_delli_Apostoli.mscx        13  13      5/8              v         (3, 0, 4)          ()          4            2     0.666667
                           MS3/12.21_Kyrie,_Tema_E_3.mscx                                7   7      1/2            III        (-1, 3, 0)          ()          6            3     0.666667
                           MS3/12.21_Kyrie,_Tema_E_3.mscx                                9   9      3/2             i6        (-1, 3, 2)          ()          8            4     0.666667
                           MS3/12.23_Christe,_Tema_F_2.mscx                              1   1        0             i{        (0, -3, 1)          ()          4            0     1.000000
                           MS3/12.23_Christe,_Tema_F_2.mscx                              1   1        1             V6         (5, 2, 1)          ()          4            0     1.000000
                           MS3/12.23_Christe,_Tema_F_2.mscx                              1   1      3/2             v6        (-2, 2, 1)          ()          2            0     1.000000
                           MS3/12.23_Christe,_Tema_F_2.mscx                              2   2        0            IV6        (3, 0, -1)          ()          4            0     1.000000
                           MS3/12.23_Christe,_Tema_F_2.mscx                              2   2      1/2            iv6       (-4, 0, -1)          ()          4            0     1.000000
                           MS3/12.23_Christe,_Tema_F_2.mscx                              2   2        1              V         (1, 5, 2)          ()          6            0     1.000000
                           MS3/12.23_Christe,_Tema_F_2.mscx                              2   2      3/2              v        (1, -2, 2)          ()          2            0     1.000000
                           MS3/12.23_Christe,_Tema_F_2.mscx                              3   3        0             IV        (-1, 3, 0)          ()          6            0     1.000000
                           MS3/12.23_Christe,_Tema_F_2.mscx                              3   3      1/2             iv       (-1, -4, 0)          ()          6            0     1.000000
                           MS3/12.23_Christe,_Tema_F_2.mscx                              3   3        1            III       (-3, 1, -2)          ()         14            0     1.000000
                           MS3/12.23_Christe,_Tema_F_2.mscx                              4   4        1          v(64)        (1, 0, -3)          ()          8            0     1.000000
                           MS3/12.23_Christe,_Tema_F_2.mscx                              4   4      3/2              v        (1, -2, 2)          ()         20            2     0.909091
                           MS3/12.23_Christe,_Tema_F_2.mscx                              5   5        1            VII       (-2, 2, -1)          ()          8            0     1.000000
                           MS3/12.23_Christe,_Tema_F_2.mscx                              5   5      5/4             ii        (2, -1, 3)          ()          8            0     1.000000
                           MS3/12.23_Christe,_Tema_F_2.mscx                              5   5      7/4            V43     (2, -1, 1, 5)          ()          4            0     1.000000
                           MS3/12.23_Christe,_Tema_F_2.mscx                              6   6        0            VI6       (0, -3, -4)          ()         12            0     1.000000
                           MS3/12.23_Christe,_Tema_F_2.mscx                              6   6      1/2              I         (0, 4, 1)          ()          6            0     1.000000
                           MS3/12.23_Christe,_Tema_F_2.mscx                              6   6        1         #viio6        (2, -1, 5)          ()          8            0     1.000000
                           MS3/12.23_Christe,_Tema_F_2.mscx                              6   6      3/2           VII6       (2, -1, -2)          ()          2            0     1.000000
                           MS3/12.23_Christe,_Tema_F_2.mscx                              7   7        0             IV        (-1, 3, 0)          ()          6            0     1.000000
                           MS3/12.23_Christe,_Tema_F_2.mscx                              7   7      1/2             iv       (-1, -4, 0)          ()          6            0     1.000000
                           MS3/12.23_Christe,_Tema_F_2.mscx                              7   7        1            III       (-3, 1, -2)          ()          8            0     1.000000
                           MS3/12.23_Christe,_Tema_F_2.mscx                              7   7      3/2              i        (0, -3, 1)          ()          6            0     1.000000
                           MS3/12.23_Christe,_Tema_F_2.mscx                              8   8        0             V6         (5, 2, 1)          ()          8            2     0.800000
                           MS3/12.23_Christe,_Tema_F_2.mscx                              8   8      1/2             v6        (-2, 2, 1)          ()          6            0     1.000000
                           MS3/12.23_Christe,_Tema_F_2.mscx                              8   8        1            IV6        (3, 0, -1)          ()          6            2     0.750000
                           MS3/12.23_Christe,_Tema_F_2.mscx                              8   8      3/2            iv6       (-4, 0, -1)          ()          6            0     1.000000
                           MS3/12.23_Christe,_Tema_F_2.mscx                              9   9        0              V         (1, 5, 2)          ()          8            0     1.000000
                           MS3/12.23_Christe,_Tema_F_2.mscx                              9   9      1/2              v        (1, -2, 2)          ()          4            0     1.000000
                           MS3/12.23_Christe,_Tema_F_2.mscx                              9   9        1             i7    (0, -3, 1, -2)          ()          6            0     1.000000
                           MS3/12.23_Christe,_Tema_F_2.mscx                              9   9      3/2            VI6       (0, -3, -4)          ()          6            0     1.000000
                           MS3/12.23_Christe,_Tema_F_2.mscx                             10  10        0         V7/III   (-2, 2, -1, -4)          ()          8            2     0.800000
                           MS3/12.23_Christe,_Tema_F_2.mscx                             10  10      1/2             v6        (-2, 2, 1)          ()          4            0     1.000000
                           MS3/12.23_Christe,_Tema_F_2.mscx                             11  11        0         iv6(2)        (-4, 0, 1)          ()          8            0     1.000000
                           MS3/12.23_Christe,_Tema_F_2.mscx                             11  11        1             iv       (-1, -4, 0)          ()          6            0     1.000000
                           MS3/12.23_Christe,_Tema_F_2.mscx                             11  11      5/4          i(64)       (0, -1, -4)          ()          2            0     1.000000
                           MS3/12.23_Christe,_Tema_F_2.mscx                             11  11      3/2           i(4)        (0, -1, 1)          ()          4            0     1.000000
                           MS3/12.23_Christe,_Tema_F_2.mscx                             11  11      7/4              i        (0, -3, 1)          ()          2            0     1.000000
                           MS3/12.23_Christe,_Tema_F_2.mscx                             12  12        0            VI6       (0, -3, -4)          ()          6            0     1.000000
                           MS3/12.23_Christe,_Tema_F_2.mscx                             12  12      1/2              i        (0, -3, 1)          ()          6            2     0.750000
                           MS3/12.23_Christe,_Tema_F_2.mscx                             12  12        1              I         (0, 4, 1)          ()          8            4     0.666667
                           MS3/12.23_Christe,_Tema_F_2.mscx                             13  13        0             IV        (-1, 3, 0)          ()          8            2     0.800000
                           MS3/12.23_Christe,_Tema_F_2.mscx                             13  13      1/2             iv       (-1, -4, 0)          ()          8            2     0.800000
                           MS3/12.23_Christe,_Tema_F_2.mscx                             13  13        1             VI       (-4, 0, -3)          ()          4            0     1.000000
                           MS3/12.23_Christe,_Tema_F_2.mscx                             13  13      5/4          ii%65    (-1, -4, 0, 2)          ()          6            0     1.000000
                           MS3/12.23_Christe,_Tema_F_2.mscx                             13  13      3/2              i        (0, -3, 1)          ()          6            0     1.000000
                           MS3/12.23_Christe,_Tema_F_2.mscx                             13  13      7/4        V64(+4)         (2, 1, 5)        (0,)          4            0     1.000000
                           MS3/12.23_Christe,_Tema_F_2.mscx                             14  14        0              I         (0, 4, 1)          ()          8            0     1.000000
                           MS3/12.23_Christe,_Tema_F_2.mscx                             14  14      3/4             I}         (0, 4, 1)          ()          6            2     0.750000
                           MS3/12.27_Canzon_dopo_l'Epistola.mscx                        15  15      1/2        V(4)/vi         (4, 3, 5)          ()          4            2     0.666667
                           MS3/12.28_Toccata_avanti_il_Recercar.mscx                     8   8     13/8          V7/vi    (-1, 3, 0, -3)          ()          4            0     1.000000
                           MS3/12.28_Toccata_avanti_il_Recercar.mscx                     8   8      7/4             vi      (-2, -5, -1)          ()          4            0     1.000000
                           MS3/12.28_Toccata_avanti_il_Recercar.mscx                     8   8     15/8           V/vi        (-1, 3, 0)          ()          4            0     1.000000
                           MS3/12.28_Toccata_avanti_il_Recercar.mscx                     9   9        0         vi6(2)       (-5, -1, 0)          ()          6            2     0.750000
                           MS3/12.29_Recercar_cromaticho_post_il_Credo.mscx             34  34        0           VIM7    (-2, 2, -1, 3)          ()          8            0     1.000000
                           MS3/12.29_Recercar_cromaticho_post_il_Credo.mscx             46  46      3/2             i6        (-1, 3, 2)          ()          4            2     0.666667
                           MS3/12.31_Toccata_per_l'Elevatione.mscx                       1   1      5/4       V(64)/iv       (0, -1, -4)          ()          2            0     1.000000
                           MS3/12.31_Toccata_per_l'Elevatione.mscx                       1   1      3/2        V(4)/iv        (0, -1, 1)          ()          6            0     1.000000
                           MS3/12.31_Toccata_per_l'Elevatione.mscx                       1   1      7/4           V/iv         (0, 4, 1)          ()          2            0     1.000000
                           MS3/12.31_Toccata_per_l'Elevatione.mscx                       2   2        0      iv6(2)/iv       (-5, -1, 0)          ()          6            2     0.750000
                           MS3/12.31_Toccata_per_l'Elevatione.mscx                       2   2      1/4         iv6/iv      (-5, -1, -2)          ()          4            0     1.000000
                           MS3/12.31_Toccata_per_l'Elevatione.mscx                       2   2      1/2         V6/III       (2, -1, -2)          ()          4            2     0.666667
                           MS3/12.31_Toccata_per_l'Elevatione.mscx                       2   2        1        III6(2)       (1, -2, -1)          ()          4            0     1.000000
                           MS3/12.31_Toccata_per_l'Elevatione.mscx                       3   3        0   ii6(112)/III        (-4, 0, 1)       (-2,)          6            2     0.750000
                           MS3/12.31_Toccata_per_l'Elevatione.mscx                       3   3      1/2        ii6/III       (-4, 0, -1)          ()          4            2     0.666667
                           MS3/12.31_Toccata_per_l'Elevatione.mscx                       3   3      3/2      V65/V/III    (3, 0, -3, -1)          ()          4            0     1.000000
                           MS3/12.31_Toccata_per_l'Elevatione.mscx                       4   4        0       V(4)/III      (-2, -3, -1)          ()          8            0     1.000000
                           MS3/12.31_Toccata_per_l'Elevatione.mscx                       4   4      1/4          V/III       (-2, 2, -1)          ()          4            0     1.000000
                           MS3/12.31_Toccata_per_l'Elevatione.mscx                       4   4      3/4         V7/III   (-2, 2, -1, -4)          ()          2            0     1.000000
                           MS3/12.31_Toccata_per_l'Elevatione.mscx                       4   4      3/2      V(64)/iii      (-2, -3, -6)          ()          2            0     1.000000
                           MS3/12.31_Toccata_per_l'Elevatione.mscx                       5   5        0       V(4)/iii      (-2, -3, -1)          ()          6            0     1.000000
                           MS3/12.31_Toccata_per_l'Elevatione.mscx                       5   5        1      V(64)/III       (-2, -3, 1)          ()         14            0     1.000000
                           MS3/12.31_Toccata_per_l'Elevatione.mscx                       5   5      3/2          V/III       (-2, 2, -1)          ()         12            4     0.750000
                           MS3/12.31_Toccata_per_l'Elevatione.mscx                       6   6      3/4       V7(4)/iv    (0, -1, 1, -2)          ()          6            2     0.750000
                           MS3/12.31_Toccata_per_l'Elevatione.mscx                       6   6        1           V/iv         (0, 4, 1)          ()          6            0     1.000000
                           MS3/12.31_Toccata_per_l'Elevatione.mscx                       6   6      7/4       V(64)/iv       (0, -1, -4)          ()          4            0     1.000000
                           MS3/12.31_Toccata_per_l'Elevatione.mscx                       7   7      1/2         iv6/iv      (-5, -1, -2)          ()          6            0     1.000000
                           MS3/12.31_Toccata_per_l'Elevatione.mscx                       7   7        1        iv2/vii  (-5, -3, -6, -2)          ()          4            2     0.666667
                           MS3/12.31_Toccata_per_l'Elevatione.mscx                       7   7      3/2        V43/vii    (0, -3, -1, 3)          ()          6            2     0.750000
                           MS3/12.31_Toccata_per_l'Elevatione.mscx                       8   8        0         vii(4)      (-2, -3, -1)          ()          8            0     1.000000
                           MS3/12.31_Toccata_per_l'Elevatione.mscx                       9   9        0   #viio6(2)/iv       (1, -2, -1)          ()         12            0     1.000000
                           MS3/12.31_Toccata_per_l'Elevatione.mscx                       9   9      1/2      #viio6/iv        (1, -2, 4)          ()         15            0     1.000000
                           MS3/12.31_Toccata_per_l'Elevatione.mscx                      10  10        0        iv[iv}{       (-1, -4, 0)          ()          6            2     0.750000
                           MS3/12.31_Toccata_per_l'Elevatione.mscx                      10  10      3/4      V(64)/vii      (-1, -2, -5)          ()          4            2     0.666667
                           MS3/12.31_Toccata_per_l'Elevatione.mscx                      10  10      5/4      #viio/vii        (3, 0, -3)          ()          8            0     1.000000
                           MS3/12.31_Toccata_per_l'Elevatione.mscx                      10  10      3/2         vii(9)      (-2, -5, -1)        (0,)          4            2     0.666667
                           MS3/12.31_Toccata_per_l'Elevatione.mscx                      10  10      7/4            vii      (-2, -5, -1)          ()          4            2     0.666667
                           MS3/12.31_Toccata_per_l'Elevatione.mscx                      11  11        0          vii64      (-1, -2, -5)          ()         18            6     0.750000
                           MS3/12.31_Toccata_per_l'Elevatione.mscx                      12  12        0         V2/VII    (-3, -1, 3, 0)          ()          6            2     0.750000
                           MS3/12.31_Toccata_per_l'Elevatione.mscx                      12  12      1/4           VII6       (2, -1, -2)          ()          4            2     0.666667
                           MS3/12.31_Toccata_per_l'Elevatione.mscx                      12  12      1/2         V43/iv     (1, -2, 0, 4)          ()          4            2     0.666667
                           MS3/12.31_Toccata_per_l'Elevatione.mscx                      13  13        0              I         (0, 4, 1)          ()          8            4     0.666667
                           MS3/12.31_Toccata_per_l'Elevatione.mscx                      13  13      1/4          I(64)       (0, -1, -4)          ()         10            4     0.714286
                           MS3/12.31_Toccata_per_l'Elevatione.mscx                      13  13      3/4              i        (0, -3, 1)          ()          6            2     0.750000
                           MS3/12.31_Toccata_per_l'Elevatione.mscx                      15  15        0        vii6(2)       (-5, -1, 0)          ()          4            2     0.666667
                           MS3/12.31_Toccata_per_l'Elevatione.mscx                      15  15      1/4           vii6      (-5, -1, -2)          ()          8            0     1.000000
                           MS3/12.31_Toccata_per_l'Elevatione.mscx                      15  15      3/4              i        (0, -3, 1)          ()         10            2     0.833333
                           MS3/12.31_Toccata_per_l'Elevatione.mscx                      16  16        0        vii6(2)       (-5, -1, 0)          ()          4            2     0.666667
                           MS3/12.31_Toccata_per_l'Elevatione.mscx                      16  16      1/4           vii6      (-5, -1, -2)          ()          8            2     0.800000
                           MS3/12.31_Toccata_per_l'Elevatione.mscx                      16  16      3/4       V(64)/VI       (-3, -4, 0)          ()          8            2     0.800000
                           MS3/12.31_Toccata_per_l'Elevatione.mscx                      17  17        0        V(4)/VI      (-3, -4, -2)          ()          6            0     1.000000
                           MS3/12.31_Toccata_per_l'Elevatione.mscx                      17  17      1/4           V/VI       (-3, 1, -2)          ()          4            2     0.666667
                           MS3/12.31_Toccata_per_l'Elevatione.mscx                      17  17      3/4         vi6/VI       (-4, 0, -1)          ()          7            2     0.777778
                           MS3/12.31_Toccata_per_l'Elevatione.mscx                      18  18        0         V2/III   (-4, -2, 2, -1)          ()          4            2     0.666667
                           MS3/12.31_Toccata_per_l'Elevatione.mscx                      18  18      1/2      #viio6/iv        (1, -2, 4)          ()         10            2     0.833333
                           MS3/12.31_Toccata_per_l'Elevatione.mscx                      19  19        0           iv}{       (-1, -4, 0)          ()          6            2     0.750000
                           MS3/12.31_Toccata_per_l'Elevatione.mscx                      19  19      1/2      VII(2)/iv       (-1, 1, -2)          ()          4            0     1.000000
                           MS3/12.31_Toccata_per_l'Elevatione.mscx                      19  19      3/4         VII/iv       (-3, 1, -2)          ()          8            2     0.800000
                           MS3/12.31_Toccata_per_l'Elevatione.mscx                      20  20        0       V(13)/iv         (0, 4, 1)       (-4,)          8            4     0.666667
                           MS3/12.31_Toccata_per_l'Elevatione.mscx                      20  20      1/2        V(4)/iv        (0, -1, 1)          ()          4            2     0.666667
                           MS3/12.31_Toccata_per_l'Elevatione.mscx                      20  20      3/4          iv/iv      (-2, -5, -1)          ()          6            0     1.000000
                           MS3/12.31_Toccata_per_l'Elevatione.mscx                      21  21        0        V(4)/iv        (0, -1, 1)          ()          6            0     1.000000
                           MS3/12.31_Toccata_per_l'Elevatione.mscx                      21  21      1/4           V/iv         (0, 4, 1)          ()          4            0     1.000000
                           MS3/12.31_Toccata_per_l'Elevatione.mscx                      21  21      1/2         IV6(9)        (3, 0, -1)        (1,)          4            2     0.666667
                           MS3/12.31_Toccata_per_l'Elevatione.mscx                      22  22        0       iv(9)/IV      (-2, -5, -1)        (0,)          6            2     0.750000
                           MS3/12.31_Toccata_per_l'Elevatione.mscx                      22  22      1/4          iv/IV      (-2, -5, -1)          ()          8            0     1.000000
                           MS3/12.31_Toccata_per_l'Elevatione.mscx                      22  22      3/4      V(64)/iii      (-2, -3, -6)          ()          2            0     1.000000
                           MS3/12.31_Toccata_per_l'Elevatione.mscx                      23  23        0       V(4)/III      (-2, -3, -1)          ()          8            0     1.000000
                           MS3/12.31_Toccata_per_l'Elevatione.mscx                      23  23      1/4          V/III       (-2, 2, -1)          ()          6            0     1.000000
                           MS3/12.31_Toccata_per_l'Elevatione.mscx                      24  24        0    #viio64/vii        (-3, 3, 0)          ()          6            0     1.000000
                           MS3/12.31_Toccata_per_l'Elevatione.mscx                      24  24      1/2           vii6      (-5, -1, -2)          ()         14            6     0.700000
                           MS3/12.31_Toccata_per_l'Elevatione.mscx                      24  24        1              I         (0, 4, 1)          ()          6            2     0.750000
                           MS3/12.31_Toccata_per_l'Elevatione.mscx                      24  24      5/4            VI6       (0, -3, -4)          ()          6            2     0.750000
                           MS3/12.31_Toccata_per_l'Elevatione.mscx                      25  25        0           vii6      (-5, -1, -2)          ()          8            2     0.800000
                           MS3/12.31_Toccata_per_l'Elevatione.mscx                      25  25      1/4         V6/vii        (3, 0, -1)          ()          8            0     1.000000
                           MS3/12.31_Toccata_per_l'Elevatione.mscx                      25  25      3/4      V(64)/vii      (-1, -2, -5)          ()          4            2     0.666667
                           MS3/12.31_Toccata_per_l'Elevatione.mscx                      26  26        0        iv7/vii  (-3, -6, -2, -5)          ()         10            2     0.833333
                           MS3/12.31_Toccata_per_l'Elevatione.mscx                      26  26      1/4       iio6/vii       (-3, -6, 0)          ()          8            0     1.000000
                           MS3/12.31_Toccata_per_l'Elevatione.mscx                      26  26      3/4          V/VII        (-1, 3, 0)          ()          4            2     0.666667
                           MS3/12.31_Toccata_per_l'Elevatione.mscx                      27  27        0            VII       (-2, 2, -1)          ()         16            4     0.800000
                           MS3/12.31_Toccata_per_l'Elevatione.mscx                      27  27      1/2          V7/iv     (0, 4, 1, -2)          ()          6            2     0.750000
                           MS3/12.31_Toccata_per_l'Elevatione.mscx                      28  28        0          VI/iv      (-5, -1, -4)          ()         16            4     0.800000
                           MS3/12.31_Toccata_per_l'Elevatione.mscx                      29  29        0        V(4)/VI      (-3, -4, -2)          ()          8            0     1.000000
                           MS3/12.31_Toccata_per_l'Elevatione.mscx                      29  29      1/4           V/VI       (-3, 1, -2)          ()          6            0     1.000000
                           MS3/12.31_Toccata_per_l'Elevatione.mscx                      30  30      1/4         vi6/VI       (-4, 0, -1)          ()          6            0     1.000000
                           MS3/12.31_Toccata_per_l'Elevatione.mscx                      30  30      3/4             IV        (-1, 3, 0)          ()          6            2     0.750000
                           MS3/12.31_Toccata_per_l'Elevatione.mscx                      30  30      5/4          V(64)        (1, 0, -3)          ()          4            2     0.666667
                           MS3/12.31_Toccata_per_l'Elevatione.mscx                      31  31      1/4          VIM43    (-3, 1, -4, 0)          ()          4            2     0.666667
                           MS3/12.31_Toccata_per_l'Elevatione.mscx                      31  31      1/2         III(4)      (-3, -4, -2)          ()          4            0     1.000000
                           MS3/12.31_Toccata_per_l'Elevatione.mscx                      31  31      3/4            III       (-3, 1, -2)          ()          2            0     1.000000
                           MS3/12.31_Toccata_per_l'Elevatione.mscx                      31  31        1      viio6/VII        (0, -3, 3)          ()         10            0     1.000000
                           MS3/12.31_Toccata_per_l'Elevatione.mscx                      31  31      3/2          V7/iv     (0, 4, 1, -2)          ()          2            0     1.000000
                           MS3/12.31_Toccata_per_l'Elevatione.mscx                      32  32        0              I         (0, 4, 1)          ()          6            2     0.750000
                           MS3/12.31_Toccata_per_l'Elevatione.mscx                      32  32      1/4          I(64)       (0, -1, -4)          ()          6            2     0.750000
                           MS3/12.31_Toccata_per_l'Elevatione.mscx                      32  32        1        vii6(2)       (-5, -1, 0)          ()         12            4     0.750000
                           MS3/12.31_Toccata_per_l'Elevatione.mscx                      32  32      3/2           vii6      (-5, -1, -2)          ()          8            0     1.000000
                           MS3/12.31_Toccata_per_l'Elevatione.mscx                      33  33        0         I(64)}       (0, -1, -4)          ()          6            2     0.750000
                           MS3/12.31_Toccata_per_l'Elevatione.mscx                      33  33      1/2              I         (0, 4, 1)          ()         12            2     0.857143
                           MS3/12.32_Recercar_con_obligo_del_Basso_come_appare.mscx     30  30        0   I.vi6(#2)/II        (14, 6, 5)          ()          6            2     0.750000
                           MS3/12.32_Recercar_con_obligo_del_Basso_come_appare.mscx     36  36      1/4     viio6(2)/V         (3, 0, 1)          ()          4            2     0.666667
                           MS3/12.32_Recercar_con_obligo_del_Basso_come_appare.mscx     39  39      3/2         vi6/IV        (-1, 3, 2)          ()          4            2     0.666667
                           MS3/12.33_Canzon_quarti_toni_dopo_il_post_Comune.mscx         1   1      1/2              i        (0, -3, 1)          ()          4            0     1.000000
                           MS3/12.33_Canzon_quarti_toni_dopo_il_post_Comune.mscx         2   2        0              i        (0, -3, 1)          ()         18            4     0.818182
                           MS3/12.33_Canzon_quarti_toni_dopo_il_post_Comune.mscx         3   3        0             iv       (-1, -4, 0)          ()          4            2     0.666667
                           MS3/12.33_Canzon_quarti_toni_dopo_il_post_Comune.mscx         3   3      1/2              i        (0, -3, 1)          ()         16            2     0.888889
                           MS3/12.33_Canzon_quarti_toni_dopo_il_post_Comune.mscx         4   4      1/2              i        (0, -3, 1)          ()          6            2     0.750000
                           MS3/12.33_Canzon_quarti_toni_dopo_il_post_Comune.mscx         5   5        0           III6       (1, -2, -3)          ()         18            2     0.900000
                           MS3/12.33_Canzon_quarti_toni_dopo_il_post_Comune.mscx         5   5      1/2         VI6(2)       (0, -3, -2)          ()          4            0     1.000000
                           MS3/12.33_Canzon_quarti_toni_dopo_il_post_Comune.mscx         5   5      5/8            VI6       (0, -3, -4)          ()          8            4     0.666667
                           MS3/12.33_Canzon_quarti_toni_dopo_il_post_Comune.mscx         6   6        0             iv       (-1, -4, 0)          ()          6            2     0.750000
                           MS3/12.33_Canzon_quarti_toni_dopo_il_post_Comune.mscx         6   6      1/2            VI6       (0, -3, -4)          ()         18            2     0.900000
                           MS3/12.33_Canzon_quarti_toni_dopo_il_post_Comune.mscx         7   7      1/4             iv       (-1, -4, 0)          ()          6            2     0.750000
                           MS3/12.33_Canzon_quarti_toni_dopo_il_post_Comune.mscx         7   7      1/2       ii%65/iv   (-2, -5, -1, 1)          ()          4            0     1.000000
                           MS3/12.33_Canzon_quarti_toni_dopo_il_post_Comune.mscx         8   8        0           iv}{       (-1, -4, 0)          ()         12            6     0.666667
                           MS3/12.33_Canzon_quarti_toni_dopo_il_post_Comune.mscx         9   9        0          V6/iv         (4, 1, 0)          ()          8            2     0.800000
                           MS3/12.33_Canzon_quarti_toni_dopo_il_post_Comune.mscx         9   9      1/4             iv       (-1, -4, 0)          ()         10            6     0.625000
                           MS3/12.33_Canzon_quarti_toni_dopo_il_post_Comune.mscx        10  10        0          iv(4)       (-1, -2, 0)          ()         10            2     0.833333
                           MS3/12.33_Canzon_quarti_toni_dopo_il_post_Comune.mscx        10  10      1/4             iv       (-1, -4, 0)          ()          8            2     0.800000
                           MS3/12.33_Canzon_quarti_toni_dopo_il_post_Comune.mscx        10  10      1/2           V/iv         (0, 4, 1)          ()          6            2     0.750000
                           MS3/12.33_Canzon_quarti_toni_dopo_il_post_Comune.mscx        11  11        0         i64(4)        (1, 0, -1)          ()          8            4     0.666667
                           MS3/12.33_Canzon_quarti_toni_dopo_il_post_Comune.mscx        11  11      1/4              i        (0, -3, 1)          ()          6            2     0.750000
                           MS3/12.33_Canzon_quarti_toni_dopo_il_post_Comune.mscx        11  11      3/4            vii      (-2, -5, -1)          ()          6            2     0.750000
                           MS3/12.33_Canzon_quarti_toni_dopo_il_post_Comune.mscx        12  12      1/4           vii6      (-5, -1, -2)          ()          8            0     1.000000
                           MS3/12.33_Canzon_quarti_toni_dopo_il_post_Comune.mscx        12  12      1/2           i(4)        (0, -1, 1)          ()          8            0     1.000000
                           MS3/12.33_Canzon_quarti_toni_dopo_il_post_Comune.mscx        13  13        0              I         (0, 4, 1)          ()         10            6     0.625000
                           MS3/12.33_Canzon_quarti_toni_dopo_il_post_Comune.mscx        13  13      3/8          I(64)       (0, -1, -4)          ()         10            6     0.625000
                           MS3/12.33_Canzon_quarti_toni_dopo_il_post_Comune.mscx        13  13      3/4              I         (0, 4, 1)          ()          4            0     1.000000
                           MS3/12.33_Canzon_quarti_toni_dopo_il_post_Comune.mscx        14  14        0        vii6(2)       (-5, -1, 0)          ()         12            4     0.750000
                           MS3/12.33_Canzon_quarti_toni_dopo_il_post_Comune.mscx        14  14      1/2           vii6      (-5, -1, -2)          ()         12            0     1.000000
                           MS3/12.33_Canzon_quarti_toni_dopo_il_post_Comune.mscx        15  15        0          V7/iv     (0, 4, 1, -2)          ()          8            4     0.666667
                           MS3/12.33_Canzon_quarti_toni_dopo_il_post_Comune.mscx        15  15      1/4       V(64)/iv       (0, -1, -4)          ()         14            4     0.777778
                           MS3/12.33_Canzon_quarti_toni_dopo_il_post_Comune.mscx        15  15      3/4            vii      (-2, -5, -1)          ()         12            2     0.857143
                           MS3/12.33_Canzon_quarti_toni_dopo_il_post_Comune.mscx        16  16        0           I(4)        (0, -1, 1)          ()         10            2     0.833333
                           MS3/12.33_Canzon_quarti_toni_dopo_il_post_Comune.mscx        16  16      5/8           vii6      (-5, -1, -2)          ()         10            2     0.833333
                           MS3/12.33_Canzon_quarti_toni_dopo_il_post_Comune.mscx        16  16        1         I(64)}       (0, -1, -4)          ()          4            2     0.666667
                           MS3/12.33_Canzon_quarti_toni_dopo_il_post_Comune.mscx        16  16      5/4              I         (0, 4, 1)          ()         12            0     1.000000
                           MS3/12.33_Canzon_quarti_toni_dopo_il_post_Comune.mscx        17  17        0             i{        (0, -3, 1)          ()          4            2     0.666667
                           MS3/12.33_Canzon_quarti_toni_dopo_il_post_Comune.mscx        17  17      3/4             iv       (-1, -4, 0)          ()         14            2     0.875000
                           MS3/12.33_Canzon_quarti_toni_dopo_il_post_Comune.mscx        18  18      3/4              i        (0, -3, 1)          ()          4            2     0.666667
                           MS3/12.33_Canzon_quarti_toni_dopo_il_post_Comune.mscx        19  19        0              i        (0, -3, 1)          ()         10            4     0.714286
                           MS3/12.33_Canzon_quarti_toni_dopo_il_post_Comune.mscx        19  19      3/4             iv       (-1, -4, 0)          ()          6            2     0.750000
                           MS3/12.33_Canzon_quarti_toni_dopo_il_post_Comune.mscx        19  19      5/4         iv6/iv      (-5, -1, -2)          ()          4            2     0.666667
                           MS3/12.33_Canzon_quarti_toni_dopo_il_post_Comune.mscx        20  20        0       V(64)/iv       (0, -1, -4)          ()          4            2     0.666667
                           MS3/12.33_Canzon_quarti_toni_dopo_il_post_Comune.mscx        20  20      1/4          V7/iv     (0, 4, 1, -2)          ()          8            2     0.800000
                           MS3/12.33_Canzon_quarti_toni_dopo_il_post_Comune.mscx        20  20      5/4           V/iv         (0, 4, 1)          ()          4            0     1.000000
                           MS3/12.33_Canzon_quarti_toni_dopo_il_post_Comune.mscx        21  21        0             iv       (-1, -4, 0)          ()          8            4     0.666667
                           MS3/12.33_Canzon_quarti_toni_dopo_il_post_Comune.mscx        21  21      3/4              i        (0, -3, 1)          ()          8            4     0.666667
                           MS3/12.33_Canzon_quarti_toni_dopo_il_post_Comune.mscx        22  22      3/4             i6        (-3, 1, 0)          ()          4            2     0.666667
                           MS3/12.33_Canzon_quarti_toni_dopo_il_post_Comune.mscx        22  22        1            III       (-3, 1, -2)          ()          4            0     1.000000
                           MS3/12.33_Canzon_quarti_toni_dopo_il_post_Comune.mscx        23  23        0          iv(4)       (-1, -2, 0)          ()          8            2     0.800000
                           MS3/12.33_Canzon_quarti_toni_dopo_il_post_Comune.mscx        23  23      3/4             iv       (-1, -4, 0)          ()          6            2     0.750000
                           MS3/12.33_Canzon_quarti_toni_dopo_il_post_Comune.mscx        24  24        0              i        (0, -3, 1)          ()          6            2     0.750000
                           MS3/12.33_Canzon_quarti_toni_dopo_il_post_Comune.mscx        24  24      3/4              i        (0, -3, 1)          ()         10            2     0.833333
                           MS3/12.33_Canzon_quarti_toni_dopo_il_post_Comune.mscx        24  24      5/4     #vii%7/vii     (3, 0, -3, 1)          ()          4            0     1.000000
                           MS3/12.33_Canzon_quarti_toni_dopo_il_post_Comune.mscx        25  25        0            vii      (-2, -5, -1)          ()         10            2     0.833333
                           MS3/12.33_Canzon_quarti_toni_dopo_il_post_Comune.mscx        25  25      1/2           vii6      (-5, -1, -2)          ()          4            2     0.666667
                           MS3/12.33_Canzon_quarti_toni_dopo_il_post_Comune.mscx        26  26      3/4        V(4)/iv        (0, -1, 1)          ()          4            0     1.000000
                           MS3/12.33_Canzon_quarti_toni_dopo_il_post_Comune.mscx        26  26      5/4           V/iv         (0, 4, 1)          ()          4            0     1.000000
                           MS3/12.33_Canzon_quarti_toni_dopo_il_post_Comune.mscx        27  27        0           iv}{       (-1, -4, 0)          ()          8            2     0.800000
                           MS3/12.33_Canzon_quarti_toni_dopo_il_post_Comune.mscx        27  27      3/4           III6       (1, -2, -3)          ()          8            2     0.800000
                           MS3/12.33_Canzon_quarti_toni_dopo_il_post_Comune.mscx        27  27      5/4           VII6       (2, -1, -2)          ()          6            0     1.000000
                           MS3/12.33_Canzon_quarti_toni_dopo_il_post_Comune.mscx        28  28        0              i        (0, -3, 1)          ()         10            6     0.625000
                           MS3/12.33_Canzon_quarti_toni_dopo_il_post_Comune.mscx        28  28      3/4             VI       (-4, 0, -3)          ()         12            6     0.666667
                           MS3/12.33_Canzon_quarti_toni_dopo_il_post_Comune.mscx        29  29        0            vii      (-2, -5, -1)          ()         12            6     0.666667
                           MS3/12.33_Canzon_quarti_toni_dopo_il_post_Comune.mscx        29  29      3/4        V(4)/iv        (0, -1, 1)          ()          6            0     1.000000
                           MS3/12.33_Canzon_quarti_toni_dopo_il_post_Comune.mscx        29  29      5/4           V/iv         (0, 4, 1)          ()          2            0     1.000000
                           MS3/12.33_Canzon_quarti_toni_dopo_il_post_Comune.mscx        30  30        0             iv       (-1, -4, 0)          ()         14            4     0.777778
                           MS3/12.33_Canzon_quarti_toni_dopo_il_post_Comune.mscx        31  31      1/2      viio6/VII        (0, -3, 3)          ()          4            0     1.000000
                           MS3/12.33_Canzon_quarti_toni_dopo_il_post_Comune.mscx        31  31      3/4           VII6       (2, -1, -2)          ()          8            2     0.800000
                           MS3/12.33_Canzon_quarti_toni_dopo_il_post_Comune.mscx        32  32        0            III       (-3, 1, -2)          ()         12            4     0.750000
                           MS3/12.33_Canzon_quarti_toni_dopo_il_post_Comune.mscx        32  32      3/4             VI       (-4, 0, -3)          ()         14            2     0.875000
                           MS3/12.33_Canzon_quarti_toni_dopo_il_post_Comune.mscx        33  33        0             iv       (-1, -4, 0)          ()         12            2     0.857143
                           MS3/12.33_Canzon_quarti_toni_dopo_il_post_Comune.mscx        33  33      3/4          V6/iv         (4, 1, 0)          ()          6            2     0.750000
                           MS3/12.33_Canzon_quarti_toni_dopo_il_post_Comune.mscx        33  33      5/4             iv       (-1, -4, 0)          ()          4            2     0.666667
                           MS3/12.33_Canzon_quarti_toni_dopo_il_post_Comune.mscx        34  34      1/2             iv       (-1, -4, 0)          ()          4            2     0.666667
                           MS3/12.33_Canzon_quarti_toni_dopo_il_post_Comune.mscx        34  34      3/2           i(4)        (0, -1, 1)          ()          4            0     1.000000
                           MS3/12.33_Canzon_quarti_toni_dopo_il_post_Comune.mscx        35  35        0         V[III6       (1, -2, -3)          ()          6            2     0.750000
                           MS3/12.33_Canzon_quarti_toni_dopo_il_post_Comune.mscx        35  35      1/4          VII64       (-1, -2, 2)          ()          4            0     1.000000
                           MS3/12.33_Canzon_quarti_toni_dopo_il_post_Comune.mscx        35  35      1/2           #ii6        (6, 10, 9)          ()          2            0     1.000000
                           MS3/12.33_Canzon_quarti_toni_dopo_il_post_Comune.mscx        35  35      3/4          V(64)        (1, 0, -3)          ()          8            2     0.800000
                           MS3/12.33_Canzon_quarti_toni_dopo_il_post_Comune.mscx        35  35      5/4             V]         (1, 5, 2)          ()         12            0     1.000000
                           MS3/12.33_Canzon_quarti_toni_dopo_il_post_Comune.mscx        36  36        0             I}         (0, 4, 1)          ()          8            4     0.666667
                           MS3/12.33_Canzon_quarti_toni_dopo_il_post_Comune.mscx        36  36        1            vii      (-2, -5, -1)          ()          6            2     0.750000
                           MS3/12.33_Canzon_quarti_toni_dopo_il_post_Comune.mscx        36  36     11/8             II         (2, 6, 3)          ()          6            2     0.750000
                           MS3/12.33_Canzon_quarti_toni_dopo_il_post_Comune.mscx        37  37        0            III       (-3, 1, -2)          ()          4            2     0.666667
                           MS3/12.33_Canzon_quarti_toni_dopo_il_post_Comune.mscx        37  37      1/4           III6       (1, -2, -3)          ()          6            0     1.000000
                           MS3/12.33_Canzon_quarti_toni_dopo_il_post_Comune.mscx        37  37      1/2             iv       (-1, -4, 0)          ()          8            2     0.800000
                           MS3/12.33_Canzon_quarti_toni_dopo_il_post_Comune.mscx        38  38        0            iv6       (-4, 0, -1)          ()          8            2     0.800000
                           MS3/12.33_Canzon_quarti_toni_dopo_il_post_Comune.mscx        38  38      3/4             iv       (-1, -4, 0)          ()          8            2     0.800000
                           MS3/12.33_Canzon_quarti_toni_dopo_il_post_Comune.mscx        39  39        0             VI       (-4, 0, -3)          ()          8            2     0.800000
                           MS3/12.33_Canzon_quarti_toni_dopo_il_post_Comune.mscx        39  39      1/4              i        (0, -3, 1)          ()          4            0     1.000000
                           MS3/12.33_Canzon_quarti_toni_dopo_il_post_Comune.mscx        39  39      5/8              i        (0, -3, 1)          ()          6            0     1.000000
                           MS3/12.33_Canzon_quarti_toni_dopo_il_post_Comune.mscx        39  39      3/4             iv       (-1, -4, 0)          ()          6            2     0.750000
                           MS3/12.33_Canzon_quarti_toni_dopo_il_post_Comune.mscx        40  40      1/4           vii6      (-5, -1, -2)          ()          6            0     1.000000
                           MS3/12.33_Canzon_quarti_toni_dopo_il_post_Comune.mscx        40  40      3/4           V/iv         (0, 4, 1)          ()          4            2     0.666667
                           MS3/12.33_Canzon_quarti_toni_dopo_il_post_Comune.mscx        42  42      1/4      viio6/VII        (0, -3, 3)          ()          6            0     1.000000
                           MS3/12.33_Canzon_quarti_toni_dopo_il_post_Comune.mscx        42  42      3/4           vii6      (-5, -1, -2)          ()          6            2     0.750000
                           MS3/12.33_Canzon_quarti_toni_dopo_il_post_Comune.mscx        43  43        0            VI6       (0, -3, -4)          ()          8            2     0.800000
                           MS3/12.33_Canzon_quarti_toni_dopo_il_post_Comune.mscx        43  43      1/4              i        (0, -3, 1)          ()          6            0     1.000000
                           MS3/12.33_Canzon_quarti_toni_dopo_il_post_Comune.mscx        43  43      1/2          i(64)       (0, -1, -4)          ()         12            4     0.750000
                           MS3/12.33_Canzon_quarti_toni_dopo_il_post_Comune.mscx        44  44        0              I         (0, 4, 1)          ()          8            4     0.666667
                           MS3/12.33_Canzon_quarti_toni_dopo_il_post_Comune.mscx        44  44      1/2            iv6       (-4, 0, -1)          ()          4            2     0.666667
                           MS3/12.33_Canzon_quarti_toni_dopo_il_post_Comune.mscx        44  44      3/4             iv       (-1, -4, 0)          ()          8            2     0.800000
                           MS3/12.33_Canzon_quarti_toni_dopo_il_post_Comune.mscx        45  45        0          #iio6         (6, 3, 9)          ()          8            4     0.666667
                           MS3/12.33_Canzon_quarti_toni_dopo_il_post_Comune.mscx        45  45      1/4              i        (0, -3, 1)          ()          6            2     0.750000
                           MS3/12.33_Canzon_quarti_toni_dopo_il_post_Comune.mscx        45  45      3/4           III6       (1, -2, -3)          ()          8            0     1.000000
                           MS3/12.33_Canzon_quarti_toni_dopo_il_post_Comune.mscx        46  46        0             iv       (-1, -4, 0)          ()          6            2     0.750000
                           MS3/12.33_Canzon_quarti_toni_dopo_il_post_Comune.mscx        46  46      1/4         V6/III       (2, -1, -2)          ()          4            2     0.666667
                           MS3/12.33_Canzon_quarti_toni_dopo_il_post_Comune.mscx        47  47        0        V(4)/VI      (-3, -4, -2)          ()          6            0     1.000000
                           MS3/12.33_Canzon_quarti_toni_dopo_il_post_Comune.mscx        47  47      1/8           V/VI       (-3, 1, -2)          ()          6            0     1.000000
                           MS3/12.33_Canzon_quarti_toni_dopo_il_post_Comune.mscx        48  48        0             iv       (-1, -4, 0)          ()         12            2     0.857143
                           MS3/12.33_Canzon_quarti_toni_dopo_il_post_Comune.mscx        49  49      1/4          V6/iv         (4, 1, 0)          ()          6            0     1.000000
                           MS3/12.33_Canzon_quarti_toni_dopo_il_post_Comune.mscx        49  49      1/2             iv       (-1, -4, 0)          ()          8            2     0.800000
                           MS3/12.33_Canzon_quarti_toni_dopo_il_post_Comune.mscx        50  50        0             VI       (-4, 0, -3)          ()         10            2     0.833333
                           MS3/12.33_Canzon_quarti_toni_dopo_il_post_Comune.mscx        50  50      1/4              i        (0, -3, 1)          ()          4            2     0.666667
                           MS3/12.33_Canzon_quarti_toni_dopo_il_post_Comune.mscx        50  50      1/2             VI       (-4, 0, -3)          ()          6            2     0.750000
                           MS3/12.33_Canzon_quarti_toni_dopo_il_post_Comune.mscx        50  50      3/4          V6/iv         (4, 1, 0)          ()          4            0     1.000000
                           MS3/12.33_Canzon_quarti_toni_dopo_il_post_Comune.mscx        51  51        0          i(64)       (0, -1, -4)          ()          4            2     0.666667
                           MS3/12.33_Canzon_quarti_toni_dopo_il_post_Comune.mscx        51  51      1/8              i        (0, -3, 1)          ()         10            4     0.714286
                           MS3/12.33_Canzon_quarti_toni_dopo_il_post_Comune.mscx        51  51      1/2         vii(9)      (-2, -5, -1)        (0,)          6            0     1.000000
                           MS3/12.33_Canzon_quarti_toni_dopo_il_post_Comune.mscx        51  51      5/8            vii      (-2, -5, -1)          ()          4            0     1.000000
                           MS3/12.33_Canzon_quarti_toni_dopo_il_post_Comune.mscx        51  51      3/4            vo6       (-2, -5, 1)          ()          4            0     1.000000
                           MS3/12.33_Canzon_quarti_toni_dopo_il_post_Comune.mscx        51  51      7/8           III6       (1, -2, -3)          ()          4            2     0.666667
                           MS3/12.33_Canzon_quarti_toni_dopo_il_post_Comune.mscx        52  52        0       iv6(112)        (-4, 0, 1)       (-2,)          6            2     0.750000
                           MS3/12.33_Canzon_quarti_toni_dopo_il_post_Comune.mscx        52  52      1/8            iv6       (-4, 0, -1)          ()          8            4     0.666667
                           MS3/12.33_Canzon_quarti_toni_dopo_il_post_Comune.mscx        52  52      3/8             iv       (-1, -4, 0)          ()          6            2     0.750000
                           MS3/12.33_Canzon_quarti_toni_dopo_il_post_Comune.mscx        52  52      1/2        V(4)/iv        (0, -1, 1)          ()          4            0     1.000000
                           MS3/12.33_Canzon_quarti_toni_dopo_il_post_Comune.mscx        53  53      1/8           vii6      (-5, -1, -2)          ()         12            0     1.000000
                           MS3/12.33_Canzon_quarti_toni_dopo_il_post_Comune.mscx        53  53      5/8              i        (0, -3, 1)          ()         12            4     0.750000
                           MS3/12.33_Canzon_quarti_toni_dopo_il_post_Comune.mscx        54  54        0          i(64)       (0, -1, -4)          ()         16            2     0.888889
                           MS3/12.33_Canzon_quarti_toni_dopo_il_post_Comune.mscx        54  54      1/2              I         (0, 4, 1)          ()          8            2     0.800000
                           MS3/12.33_Canzon_quarti_toni_dopo_il_post_Comune.mscx        55  55        0             iv       (-1, -4, 0)          ()         27           10     0.729730
                           MS3/12.33_Canzon_quarti_toni_dopo_il_post_Comune.mscx        56  56        0             II         (2, 6, 3)          ()          8            4     0.666667
                           MS3/12.33_Canzon_quarti_toni_dopo_il_post_Comune.mscx        56  56      3/8        V64/VII        (0, -1, 3)          ()          4            0     1.000000
                           MS3/12.33_Canzon_quarti_toni_dopo_il_post_Comune.mscx        56  56      1/2           VII6       (2, -1, -2)          ()         10            4     0.714286
                           MS3/12.33_Canzon_quarti_toni_dopo_il_post_Comune.mscx        56  56      7/8             iv       (-1, -4, 0)          ()          4            2     0.666667
                           MS3/12.33_Canzon_quarti_toni_dopo_il_post_Comune.mscx        57  57      1/2              I         (0, 4, 1)          ()          4            2     0.666667
                           MS3/12.33_Canzon_quarti_toni_dopo_il_post_Comune.mscx        57  57      3/4             I}         (0, 4, 1)          ()         12            4     0.750000
                           MS3/12.37_Christe,_Tema_L.mscx                                2   2      3/2           III6        (3, 0, -1)          ()          6            2     0.750000
                           MS3/12.42_Recercar_dopo_il_Credo.mscx                        35  35      3/4          i6(2)        (-2, 2, 3)          ()          4            2     0.666667
                           MS3/12.45_Toccata_per_l'Elevatione.mscx                       1   1      5/4       V(64)/iv       (0, -1, -4)          ()          2            0     1.000000
                           MS3/12.45_Toccata_per_l'Elevatione.mscx                       1   1      3/2       V7(4)/iv    (0, -1, 1, -2)          ()          4            0     1.000000
                           MS3/12.45_Toccata_per_l'Elevatione.mscx                       1   1      7/4          V7/iv     (0, 4, 1, -2)          ()          2            0     1.000000
                           MS3/12.45_Toccata_per_l'Elevatione.mscx                       2   2        0          VI/iv      (-5, -1, -4)          ()          6            2     0.750000
                           MS3/12.45_Toccata_per_l'Elevatione.mscx                       3   3        0         V2/vii    (-3, -1, 3, 0)          ()          6            2     0.750000
                           MS3/12.45_Toccata_per_l'Elevatione.mscx                       3   3      1/2           vii6      (-5, -1, -2)          ()          4            2     0.666667
                           MS3/12.45_Toccata_per_l'Elevatione.mscx                       3   3      3/2        V43/vii    (0, -3, -1, 3)          ()          6            2     0.750000
                           MS3/12.45_Toccata_per_l'Elevatione.mscx                       4   4      1/4          v(64)        (1, 0, -3)          ()          2            0     1.000000
                           MS3/12.45_Toccata_per_l'Elevatione.mscx                       4   4      1/2           v(4)         (1, 0, 2)          ()          2            0     1.000000
                           MS3/12.45_Toccata_per_l'Elevatione.mscx                       4   4        1       IV6(112)         (3, 0, 1)       (-2,)          8            0     1.000000
                           MS3/12.45_Toccata_per_l'Elevatione.mscx                       4   4      3/2            IV6        (3, 0, -1)          ()          4            2     0.666667
                           MS3/12.45_Toccata_per_l'Elevatione.mscx                       5   5        0          i(64)       (0, -1, -4)          ()          6            2     0.750000
                           MS3/12.45_Toccata_per_l'Elevatione.mscx                       5   5        1         V7/vii    (-1, 3, 0, -3)          ()          4            2     0.666667
                           MS3/12.45_Toccata_per_l'Elevatione.mscx                       5   5      3/2       V(4)/vii       (-1, -2, 0)          ()          4            0     1.000000
                           MS3/12.45_Toccata_per_l'Elevatione.mscx                       6   6      7/4              I         (0, 4, 1)          ()          4            2     0.666667
                           MS3/12.45_Toccata_per_l'Elevatione.mscx                       7   7        0             iv       (-1, -4, 0)          ()         14            4     0.777778
                           MS3/12.45_Toccata_per_l'Elevatione.mscx                       8   8        0        iii6(2)      (-6, -2, -1)          ()          4            2     0.666667
                           MS3/12.45_Toccata_per_l'Elevatione.mscx                       8   8      1/4           iii6      (-6, -2, -3)          ()          4            0     1.000000
                           MS3/12.45_Toccata_per_l'Elevatione.mscx                       8   8      1/2           III6       (1, -2, -3)          ()          8            2     0.800000
                           MS3/12.45_Toccata_per_l'Elevatione.mscx                       8   8      3/4         V64/IV         (1, 0, 4)          ()          4            2     0.666667
                           MS3/12.45_Toccata_per_l'Elevatione.mscx                       9   9        0            IV6        (3, 0, -1)          ()          6            2     0.750000
                           MS3/12.45_Toccata_per_l'Elevatione.mscx                       9   9      1/2        VII6(2)        (2, -1, 0)          ()          2            0     1.000000
                           MS3/12.45_Toccata_per_l'Elevatione.mscx                       9   9      3/4           VII6       (2, -1, -2)          ()          4            2     0.666667
                           MS3/12.45_Toccata_per_l'Elevatione.mscx                      10  10        0            IV6        (3, 0, -1)          ()          6            2     0.750000
                           MS3/12.45_Toccata_per_l'Elevatione.mscx                      11  11        0        vii6(2)       (-5, -1, 0)          ()          4            2     0.666667
                           MS3/12.45_Toccata_per_l'Elevatione.mscx                      11  11      1/4           vii6      (-5, -1, -2)          ()          4            0     1.000000
                           MS3/12.45_Toccata_per_l'Elevatione.mscx                      11  11      1/2           VII6       (2, -1, -2)          ()          4            2     0.666667
                           MS3/12.45_Toccata_per_l'Elevatione.mscx                      11  11      3/4        ii64/iv        (2, 1, -2)          ()          4            2     0.666667
                           MS3/12.45_Toccata_per_l'Elevatione.mscx                      12  12        0       #viio/iv        (4, 1, -2)          ()         10            0     1.000000
                           MS3/12.45_Toccata_per_l'Elevatione.mscx                      12  12      3/4             iv       (-1, -4, 0)          ()          8            2     0.800000
                           MS3/12.45_Toccata_per_l'Elevatione.mscx                      13  13        0             II         (2, 6, 3)          ()          8            4     0.666667
                           MS3/12.45_Toccata_per_l'Elevatione.mscx                      13  13      3/4           iii6      (-6, -2, -3)          ()          4            0     1.000000
                           MS3/12.45_Toccata_per_l'Elevatione.mscx                      14  14        0           III6       (1, -2, -3)          ()          6            2     0.750000
                           MS3/12.45_Toccata_per_l'Elevatione.mscx                      14  14      1/2      VII[V/III       (-2, 2, -1)          ()         24           12     0.666667
                           MS3/12.45_Toccata_per_l'Elevatione.mscx                      15  15      1/2      V(64)/III       (-2, -3, 1)          ()          4            2     0.666667
                           MS3/12.45_Toccata_per_l'Elevatione.mscx                      15  15      3/4       V7/V/III    (-1, 3, 0, -3)          ()          6            2     0.750000
                           MS3/12.45_Toccata_per_l'Elevatione.mscx                      16  16        0       V(4)/III      (-2, -3, -1)          ()          8            0     1.000000
                           MS3/12.45_Toccata_per_l'Elevatione.mscx                      16  16      1/4         V/III]       (-2, 2, -1)          ()          6            0     1.000000
                           MS3/12.45_Toccata_per_l'Elevatione.mscx                      17  17      1/2           VII6       (2, -1, -2)          ()         10            2     0.833333
                           MS3/12.45_Toccata_per_l'Elevatione.mscx                      18  18        0        i[V7/iv     (0, 4, 1, -2)          ()          6            2     0.750000
                           MS3/12.45_Toccata_per_l'Elevatione.mscx                      18  18      1/4            VI6       (0, -3, -4)          ()          8            2     0.800000
                           MS3/12.45_Toccata_per_l'Elevatione.mscx                      19  19      1/4       V(11)/iv         (0, 4, 1)       (-1,)          6            0     1.000000
                           MS3/12.45_Toccata_per_l'Elevatione.mscx                      19  19      1/2       V(4)/iv]        (0, -1, 1)          ()          4            2     0.666667
                           MS3/12.45_Toccata_per_l'Elevatione.mscx                      19  19      3/4         V7/III   (-2, 2, -1, -4)          ()          4            2     0.666667
                           MS3/12.45_Toccata_per_l'Elevatione.mscx                      20  20        0          V2/IV     (-2, 0, 4, 1)          ()          6            2     0.750000
                           MS3/12.45_Toccata_per_l'Elevatione.mscx                      20  20      1/4            IV6        (3, 0, -1)          ()          6            2     0.750000
                           MS3/12.45_Toccata_per_l'Elevatione.mscx                      20  20      1/2          #ii64        (10, 9, 6)          ()          4            2     0.666667
                           MS3/12.45_Toccata_per_l'Elevatione.mscx                      20  20      3/4       viio6/IV        (1, -2, 4)          ()          8            0     1.000000
                           MS3/12.45_Toccata_per_l'Elevatione.mscx                      21  21     5/16           VII6       (2, -1, -2)          ()          4            0     1.000000
                           MS3/12.45_Toccata_per_l'Elevatione.mscx                      21  21      1/2            VI6       (0, -3, -4)          ()          8            0     1.000000
                           MS3/12.45_Toccata_per_l'Elevatione.mscx                      21  21      3/4            vo6       (-2, -5, 1)          ()          8            0     1.000000
                           MS3/12.45_Toccata_per_l'Elevatione.mscx                      22  22      1/4          V/vii        (-1, 3, 0)          ()          4            2     0.666667
                           MS3/12.45_Toccata_per_l'Elevatione.mscx                      22  22      3/4             i6        (-3, 1, 0)          ()          5            2     0.714286
                           MS3/12.45_Toccata_per_l'Elevatione.mscx                      23  23        0         V7/vii    (-1, 3, 0, -3)          ()          6            2     0.750000
                           MS3/12.45_Toccata_per_l'Elevatione.mscx                      23  23      1/2          iv(4)       (-1, -2, 0)          ()          4            0     1.000000
